may 11 16:56:00 simplesamlphp NOTICE STAT [f23973a592] Unsuccessful login attempt from 127.0.0.1.
may 11 16:56:05 simplesamlphp NOTICE STAT [f23973a592] Unsuccessful login attempt from 127.0.0.1.
may 11 16:56:44 simplesamlphp NOTICE STAT [f23973a592] Unsuccessful login attempt from 127.0.0.1.
may 11 16:56:48 simplesamlphp NOTICE STAT [f23973a592] User 'admin' successfully authenticated from 127.0.0.1
may 11 16:56:52 simplesamlphp WARNING [f23973a592] Deprecated use of new SimpleSAML\Locale\Translate::t(...) at /opt/lampp/htdocs/simplesaml/lib/SimpleSAML/XHTML/Template.php:716. The $tag-parameter can only be a string in 2.0.
may 11 16:56:52 simplesamlphp WARNING [f23973a592] Deprecated use of new SimpleSAML\Locale\Translate::t(...) at /opt/lampp/htdocs/simplesaml/lib/SimpleSAML/XHTML/Template.php:716. The $tag-parameter can only be a string in 2.0.
may 11 16:56:54 simplesamlphp WARNING [f23973a592] Deprecated use of new SimpleSAML\Locale\Translate::t(...) at /opt/lampp/htdocs/simplesaml/lib/SimpleSAML/XHTML/Template.php:716. The $tag-parameter can only be a string in 2.0.
may 11 16:57:39 simplesamlphp WARNING [f23973a592] Deprecated use of new SimpleSAML\Locale\Translate::t(...) at /opt/lampp/htdocs/simplesaml/lib/SimpleSAML/XHTML/Template.php:716. The $tag-parameter can only be a string in 2.0.
may 11 17:02:04 simplesamlphp NOTICE STAT [f23973a592] User 'admin' successfully authenticated from 127.0.0.1
may 11 17:02:14 simplesamlphp WARNING [f23973a592] Deprecated use of new SimpleSAML\Locale\Translate::t(...) at /opt/lampp/htdocs/simplesaml/lib/SimpleSAML/XHTML/Template.php:716. The $tag-parameter can only be a string in 2.0.
may 11 17:22:44 simplesamlphp WARNING [f23973a592] Deprecated use of new SimpleSAML\Locale\Translate::t(...) at /opt/lampp/htdocs/simplesaml/lib/SimpleSAML/XHTML/Template.php:716. The $tag-parameter can only be a string in 2.0.
may 11 17:22:45 simplesamlphp WARNING [f23973a592] Deprecated use of new SimpleSAML\Locale\Translate::t(...) at /opt/lampp/htdocs/simplesaml/lib/SimpleSAML/XHTML/Template.php:716. The $tag-parameter can only be a string in 2.0.
may 11 17:23:02 simplesamlphp WARNING [f23973a592] Deprecated use of new SimpleSAML\Locale\Translate::t(...) at /opt/lampp/htdocs/simplesaml/lib/SimpleSAML/XHTML/Template.php:716. The $tag-parameter can only be a string in 2.0.
may 11 17:23:03 simplesamlphp WARNING [f23973a592] Deprecated use of new SimpleSAML\Locale\Translate::t(...) at /opt/lampp/htdocs/simplesaml/lib/SimpleSAML/XHTML/Template.php:716. The $tag-parameter can only be a string in 2.0.
may 11 18:24:28 simplesamlphp ERROR [5e2c0affaa] SimpleSAML_Error_Error: UNHANDLEDEXCEPTION
may 11 18:24:28 simplesamlphp ERROR [5e2c0affaa] Backtrace:
may 11 18:24:28 simplesamlphp ERROR [5e2c0affaa] 1 /opt/lampp/htdocs/simplesamlIdp/www/_include.php:45 (SimpleSAML_exception_handler)
may 11 18:24:28 simplesamlphp ERROR [5e2c0affaa] 0 [builtin] (N/A)
may 11 18:24:28 simplesamlphp ERROR [5e2c0affaa] Caused by: Exception: Could not find any default metadata entities in set [saml20-idp-hosted] for host [idp.simplesaml.local : idp.simplesaml.local/simplesaml]
may 11 18:24:28 simplesamlphp ERROR [5e2c0affaa] Backtrace:
may 11 18:24:28 simplesamlphp ERROR [5e2c0affaa] 1 /opt/lampp/htdocs/simplesamlIdp/lib/SimpleSAML/Metadata/MetaDataStorageHandler.php:227 (SimpleSAML_Metadata_MetaDataStorageHandler::getMetaDataCurrentEntityID)
may 11 18:24:28 simplesamlphp ERROR [5e2c0affaa] 0 /opt/lampp/htdocs/simplesamlIdp/www/saml2/idp/SSOService.php:16 (N/A)
may 11 18:24:28 simplesamlphp ERROR [5e2c0affaa] Error report with id 717bc788 generated.
may 11 18:24:37 simplesamlphp NOTICE STAT [5e2c0affaa] User 'admin' successfully authenticated from 127.0.0.1
may 11 18:24:42 simplesamlphp WARNING [5e2c0affaa] Deprecated use of new SimpleSAML\Locale\Translate::t(...) at /opt/lampp/htdocs/simplesamlIdp/lib/SimpleSAML/XHTML/Template.php:716. The $tag-parameter can only be a string in 2.0.
may 11 18:24:42 simplesamlphp WARNING [5e2c0affaa] Deprecated use of new SimpleSAML\Locale\Translate::t(...) at /opt/lampp/htdocs/simplesamlIdp/lib/SimpleSAML/XHTML/Template.php:716. The $tag-parameter can only be a string in 2.0.
may 11 18:24:47 simplesamlphp ERROR [5e2c0affaa] Federation: Error loading saml20-idp: Could not find any default metadata entities in set [saml20-idp-hosted] for host [idp.simplesaml.local : idp.simplesaml.local/simplesaml]
may 11 18:24:55 simplesamlphp ERROR [5e2c0affaa] Federation: Error loading saml20-idp: Could not find any default metadata entities in set [saml20-idp-hosted] for host [idp.simplesaml.local : idp.simplesaml.local/simplesaml]
may 11 18:40:22 simplesamlphp ERROR [5e2c0affaa] SimpleSAML_Error_Error: METADATA
may 11 18:40:22 simplesamlphp ERROR [5e2c0affaa] Backtrace:
may 11 18:40:22 simplesamlphp ERROR [5e2c0affaa] 0 /opt/lampp/htdocs/simplesamlIdp/www/saml2/idp/metadata.php:229 (N/A)
may 11 18:40:22 simplesamlphp ERROR [5e2c0affaa] Caused by: Exception: Could not find any default metadata entities in set [saml20-idp-hosted] for host [idp.simplesaml.local : idp.simplesaml.local/simplesaml]
may 11 18:40:22 simplesamlphp ERROR [5e2c0affaa] Backtrace:
may 11 18:40:22 simplesamlphp ERROR [5e2c0affaa] 1 /opt/lampp/htdocs/simplesamlIdp/lib/SimpleSAML/Metadata/MetaDataStorageHandler.php:227 (SimpleSAML_Metadata_MetaDataStorageHandler::getMetaDataCurrentEntityID)
may 11 18:40:22 simplesamlphp ERROR [5e2c0affaa] 0 /opt/lampp/htdocs/simplesamlIdp/www/saml2/idp/metadata.php:27 (N/A)
may 11 18:40:22 simplesamlphp ERROR [5e2c0affaa] Error report with id 2a01d9ec generated.
may 11 18:40:52 simplesamlphp ERROR [5e2c0affaa] Federation: Error loading saml20-idp: Could not find any default metadata entities in set [saml20-idp-hosted] for host [idp.simplesaml.local : idp.simplesaml.local/simplesaml]
may 11 19:05:40 simplesamlphp ERROR [5e2c0affaa] SimpleSAML\Error\ConfigurationError: The configuration (config/authsources.php) is invalid: syntax error, unexpected ','
may 11 19:05:40 simplesamlphp ERROR [5e2c0affaa] Error report with id 1467c733 generated.
may 11 19:05:44 simplesamlphp ERROR [5e2c0affaa] SimpleSAML\Error\ConfigurationError: The configuration (config/authsources.php) is invalid: syntax error, unexpected ','
may 11 19:05:44 simplesamlphp ERROR [5e2c0affaa] Error report with id 781bd05c generated.
may 11 19:05:47 simplesamlphp WARNING [5e2c0affaa] Deprecated use of new SimpleSAML\Locale\Translate::t(...) at /opt/lampp/htdocs/simplesamlIdp/lib/SimpleSAML/XHTML/Template.php:716. The $tag-parameter can only be a string in 2.0.
may 11 19:05:52 simplesamlphp ERROR [ed3c801df7] SimpleSAML\Error\ConfigurationError: The configuration (config/authsources.php) is invalid: syntax error, unexpected ','
may 11 19:05:52 simplesamlphp ERROR [ed3c801df7] Error report with id 9a8c317a generated.
may 11 19:05:55 simplesamlphp ERROR [5e2c0affaa] SimpleSAML\Error\ConfigurationError: The configuration (config/authsources.php) is invalid: syntax error, unexpected ','
may 11 19:05:55 simplesamlphp ERROR [5e2c0affaa] Error report with id a3d1c37d generated.
may 11 19:07:13 simplesamlphp ERROR [5e2c0affaa] SimpleSAML\Error\ConfigurationError: The configuration (config/authsources.php) is invalid: syntax error, unexpected ','
may 11 19:07:13 simplesamlphp ERROR [5e2c0affaa] Error report with id f1cb7d03 generated.
may 11 19:07:14 simplesamlphp ERROR [5e2c0affaa] SimpleSAML\Error\ConfigurationError: The configuration (config/authsources.php) is invalid: syntax error, unexpected ','
may 11 19:07:14 simplesamlphp ERROR [5e2c0affaa] Error report with id d54fc8f4 generated.
may 11 19:07:14 simplesamlphp ERROR [5e2c0affaa] SimpleSAML\Error\ConfigurationError: The configuration (config/authsources.php) is invalid: syntax error, unexpected ','
may 11 19:07:14 simplesamlphp ERROR [5e2c0affaa] Error report with id b893719f generated.
may 11 19:07:14 simplesamlphp ERROR [5e2c0affaa] SimpleSAML\Error\ConfigurationError: The configuration (config/authsources.php) is invalid: syntax error, unexpected ','
may 11 19:07:14 simplesamlphp ERROR [5e2c0affaa] Error report with id 7443cc1c generated.
may 11 19:08:07 simplesamlphp ERROR [5e2c0affaa] SimpleSAML\Error\ConfigurationError: The configuration (config/authsources.php) is invalid: syntax error, unexpected ','
may 11 19:08:07 simplesamlphp ERROR [5e2c0affaa] Error report with id 12a8c27c generated.
may 11 19:08:08 simplesamlphp ERROR [5e2c0affaa] SimpleSAML\Error\ConfigurationError: The configuration (config/authsources.php) is invalid: syntax error, unexpected ','
may 11 19:08:08 simplesamlphp ERROR [5e2c0affaa] Error report with id 1a27db72 generated.
may 11 19:08:08 simplesamlphp ERROR [5e2c0affaa] SimpleSAML\Error\ConfigurationError: The configuration (config/authsources.php) is invalid: syntax error, unexpected ','
may 11 19:08:08 simplesamlphp ERROR [5e2c0affaa] Error report with id 6a7434c9 generated.
may 11 19:08:08 simplesamlphp ERROR [5e2c0affaa] SimpleSAML\Error\ConfigurationError: The configuration (config/authsources.php) is invalid: syntax error, unexpected ','
may 11 19:08:08 simplesamlphp ERROR [5e2c0affaa] Error report with id d4d6b467 generated.
may 11 19:09:50 simplesamlphp WARNING [5e2c0affaa] Deprecated use of new SimpleSAML\Locale\Translate::t(...) at /opt/lampp/htdocs/simplesamlIdp/lib/SimpleSAML/XHTML/Template.php:716. The $tag-parameter can only be a string in 2.0.
may 11 19:11:07 simplesamlphp ERROR [fd9b7d9ae7] SimpleSAML_Error_Error: UNHANDLEDEXCEPTION
may 11 19:11:07 simplesamlphp ERROR [fd9b7d9ae7] Backtrace:
may 11 19:11:07 simplesamlphp ERROR [fd9b7d9ae7] 1 /opt/lampp/htdocs/simplesamlIdp/www/_include.php:45 (SimpleSAML_exception_handler)
may 11 19:11:07 simplesamlphp ERROR [fd9b7d9ae7] 0 [builtin] (N/A)
may 11 19:11:07 simplesamlphp ERROR [fd9b7d9ae7] Caused by: SimpleSAML_Error_Exception: Cannot find "admin" auth source, and admin privileges are required.
may 11 19:11:07 simplesamlphp ERROR [fd9b7d9ae7] Backtrace:
may 11 19:11:07 simplesamlphp ERROR [fd9b7d9ae7] 2 /opt/lampp/htdocs/simplesamlIdp/lib/SimpleSAML/Utils/Auth.php:71 (SimpleSAML\Utils\Auth::requireAdmin)
may 11 19:11:07 simplesamlphp ERROR [fd9b7d9ae7] 1 /opt/lampp/htdocs/simplesamlIdp/modules/core/www/frontpage_welcome.php:10 (require)
may 11 19:11:07 simplesamlphp ERROR [fd9b7d9ae7] 0 /opt/lampp/htdocs/simplesamlIdp/www/module.php:135 (N/A)
may 11 19:11:07 simplesamlphp ERROR [fd9b7d9ae7] Error report with id 4c17db2f generated.
may 11 19:11:25 simplesamlphp ERROR [fd9b7d9ae7] SimpleSAML_Error_Error: UNHANDLEDEXCEPTION
may 11 19:11:25 simplesamlphp ERROR [fd9b7d9ae7] Backtrace:
may 11 19:11:25 simplesamlphp ERROR [fd9b7d9ae7] 1 /opt/lampp/htdocs/simplesamlIdp/www/_include.php:45 (SimpleSAML_exception_handler)
may 11 19:11:25 simplesamlphp ERROR [fd9b7d9ae7] 0 [builtin] (N/A)
may 11 19:11:25 simplesamlphp ERROR [fd9b7d9ae7] Caused by: SimpleSAML_Error_Exception: Cannot find "admin" auth source, and admin privileges are required.
may 11 19:11:25 simplesamlphp ERROR [fd9b7d9ae7] Backtrace:
may 11 19:11:25 simplesamlphp ERROR [fd9b7d9ae7] 2 /opt/lampp/htdocs/simplesamlIdp/lib/SimpleSAML/Utils/Auth.php:71 (SimpleSAML\Utils\Auth::requireAdmin)
may 11 19:11:25 simplesamlphp ERROR [fd9b7d9ae7] 1 /opt/lampp/htdocs/simplesamlIdp/modules/core/www/frontpage_welcome.php:10 (require)
may 11 19:11:25 simplesamlphp ERROR [fd9b7d9ae7] 0 /opt/lampp/htdocs/simplesamlIdp/www/module.php:135 (N/A)
may 11 19:11:25 simplesamlphp ERROR [fd9b7d9ae7] Error report with id 5168f020 generated.
may 11 19:11:43 simplesamlphp WARNING [5e2c0affaa] Deprecated use of new SimpleSAML\Locale\Translate::t(...) at /opt/lampp/htdocs/simplesamlIdp/lib/SimpleSAML/XHTML/Template.php:716. The $tag-parameter can only be a string in 2.0.
may 11 19:12:01 simplesamlphp WARNING [5e2c0affaa] Deprecated use of new SimpleSAML\Locale\Translate::t(...) at /opt/lampp/htdocs/simplesamlIdp/lib/SimpleSAML/XHTML/Template.php:716. The $tag-parameter can only be a string in 2.0.
may 11 19:12:09 simplesamlphp WARNING [5e2c0affaa] Deprecated use of new SimpleSAML\Locale\Translate::t(...) at /opt/lampp/htdocs/simplesamlIdp/lib/SimpleSAML/XHTML/Template.php:716. The $tag-parameter can only be a string in 2.0.
may 11 19:13:50 simplesamlphp WARNING [5e2c0affaa] Deprecated use of new SimpleSAML\Locale\Translate::t(...) at /opt/lampp/htdocs/simplesamlIdp/lib/SimpleSAML/XHTML/Template.php:716. The $tag-parameter can only be a string in 2.0.
may 11 19:19:47 simplesamlphp WARNING [5e2c0affaa] Deprecated use of new SimpleSAML\Locale\Translate::t(...) at /opt/lampp/htdocs/simplesamlIdp/lib/SimpleSAML/XHTML/Template.php:716. The $tag-parameter can only be a string in 2.0.
may 11 19:20:06 simplesamlphp WARNING [5e2c0affaa] Deprecated use of new SimpleSAML\Locale\Translate::t(...) at /opt/lampp/htdocs/simplesamlIdp/lib/SimpleSAML/XHTML/Template.php:716. The $tag-parameter can only be a string in 2.0.
may 11 19:20:48 simplesamlphp WARNING [5e2c0affaa] Deprecated use of new SimpleSAML\Locale\Translate::t(...) at /opt/lampp/htdocs/simplesamlIdp/lib/SimpleSAML/XHTML/Template.php:716. The $tag-parameter can only be a string in 2.0.
may 11 19:21:08 simplesamlphp ERROR [b6e92ecb12] SimpleSAML_Error_Error: UNHANDLEDEXCEPTION
may 11 19:21:08 simplesamlphp ERROR [b6e92ecb12] Backtrace:
may 11 19:21:08 simplesamlphp ERROR [b6e92ecb12] 1 /opt/lampp/htdocs/simplesamlIdp/www/_include.php:45 (SimpleSAML_exception_handler)
may 11 19:21:08 simplesamlphp ERROR [b6e92ecb12] 0 [builtin] (N/A)
may 11 19:21:08 simplesamlphp ERROR [b6e92ecb12] Caused by: SimpleSAML_Error_Exception: Cannot find "admin" auth source, and admin privileges are required.
may 11 19:21:08 simplesamlphp ERROR [b6e92ecb12] Backtrace:
may 11 19:21:08 simplesamlphp ERROR [b6e92ecb12] 2 /opt/lampp/htdocs/simplesamlIdp/lib/SimpleSAML/Utils/Auth.php:71 (SimpleSAML\Utils\Auth::requireAdmin)
may 11 19:21:08 simplesamlphp ERROR [b6e92ecb12] 1 /opt/lampp/htdocs/simplesamlIdp/modules/core/www/frontpage_welcome.php:10 (require)
may 11 19:21:08 simplesamlphp ERROR [b6e92ecb12] 0 /opt/lampp/htdocs/simplesamlIdp/www/module.php:135 (N/A)
may 11 19:21:08 simplesamlphp ERROR [b6e92ecb12] Error report with id 54c10e92 generated.
may 11 19:23:35 simplesamlphp NOTICE STAT [5e2c0affaa] User 'student' successfully authenticated from 127.0.0.1
may 11 19:23:35 simplesamlphp NOTICE STAT [5e2c0affaa] saml20-idp-SSO-first http://simplesaml.local/ http://idp.simplesaml.local/ NA
may 11 19:23:35 simplesamlphp NOTICE STAT [5e2c0affaa] saml20-idp-SSO http://simplesaml.local/ http://idp.simplesaml.local/ NA
may 11 19:27:12 simplesamlphp NOTICE STAT [5e2c0affaa] saml20-idp-SSO http://simplesaml.local/ http://idp.simplesaml.local/ NA
may 11 19:27:32 simplesamlphp NOTICE STAT [5e2c0affaa] saml20-idp-SLO spinit http://simplesaml.local/ http://idp.simplesaml.local/
may 11 19:54:16 simplesamlphp WARNING [5e2c0affaa] Deprecated use of new SimpleSAML\Locale\Translate::t(...) at /opt/lampp/htdocs/simplesamlIdp/lib/SimpleSAML/XHTML/Template.php:716. The $tag-parameter can only be a string in 2.0.
may 11 19:54:23 simplesamlphp WARNING [5e2c0affaa] Deprecated use of new SimpleSAML\Locale\Translate::t(...) at /opt/lampp/htdocs/simplesamlIdp/lib/SimpleSAML/XHTML/Template.php:716. The $tag-parameter can only be a string in 2.0.
may 11 19:54:27 simplesamlphp WARNING [5e2c0affaa] Deprecated use of new SimpleSAML\Locale\Translate::t(...) at /opt/lampp/htdocs/simplesamlIdp/lib/SimpleSAML/XHTML/Template.php:716. The $tag-parameter can only be a string in 2.0.
may 11 19:54:29 simplesamlphp WARNING [5e2c0affaa] Deprecated use of new SimpleSAML\Locale\Translate::t(...) at /opt/lampp/htdocs/simplesamlIdp/lib/SimpleSAML/XHTML/Template.php:716. The $tag-parameter can only be a string in 2.0.
may 11 19:54:50 simplesamlphp WARNING [5e2c0affaa] Deprecated use of new SimpleSAML\Locale\Translate::t(...) at /opt/lampp/htdocs/simplesamlIdp/lib/SimpleSAML/XHTML/Template.php:716. The $tag-parameter can only be a string in 2.0.
may 11 19:55:11 simplesamlphp NOTICE STAT [5e2c0affaa] User 'student' successfully authenticated from 127.0.0.1
may 11 19:55:20 simplesamlphp WARNING [5e2c0affaa] Deprecated use of new SimpleSAML\Locale\Translate::t(...) at /opt/lampp/htdocs/simplesamlIdp/lib/SimpleSAML/XHTML/Template.php:716. The $tag-parameter can only be a string in 2.0.
may 11 19:55:28 simplesamlphp WARNING [5e2c0affaa] Deprecated use of new SimpleSAML\Locale\Translate::t(...) at /opt/lampp/htdocs/simplesamlIdp/lib/SimpleSAML/XHTML/Template.php:716. The $tag-parameter can only be a string in 2.0.
may 11 19:55:33 simplesamlphp CRITICAL [5e2c0affaa] /simplesaml/module.php/sanitycheck/index.php - Localization directory missing/broken for langcode 'es' and domain 'sanitycheck'
may 11 19:55:33 simplesamlphp ERROR [5e2c0affaa] /simplesaml/module.php/sanitycheck/index.php - Something went wrong when trying to get path to language file, cannot load domain 'sanitycheck'.
May 11 19:55:38 simplesamlphp WARNING [5e2c0affaa] Deprecated use of new SimpleSAML\Locale\Translate::t(...) at /opt/lampp/htdocs/simplesamlIdp/lib/SimpleSAML/XHTML/Template.php:716. The $tag-parameter can only be a string in 2.0.
May 11 19:55:43 simplesamlphp WARNING [5e2c0affaa] Deprecated use of new SimpleSAML\Locale\Translate::t(...) at /opt/lampp/htdocs/simplesamlIdp/lib/SimpleSAML/XHTML/Template.php:716. The $tag-parameter can only be a string in 2.0.
may 11 19:59:35 simplesamlphp ERROR [f4d2723a2b] SimpleSAML_Error_Error: UNHANDLEDEXCEPTION
may 11 19:59:35 simplesamlphp ERROR [f4d2723a2b] Backtrace:
may 11 19:59:35 simplesamlphp ERROR [f4d2723a2b] 1 /opt/lampp/htdocs/simplesamlIdp/www/_include.php:45 (SimpleSAML_exception_handler)
may 11 19:59:35 simplesamlphp ERROR [f4d2723a2b] 0 [builtin] (N/A)
may 11 19:59:35 simplesamlphp ERROR [f4d2723a2b] Caused by: SimpleSAML_Error_Exception: Cannot find "admin" auth source, and admin privileges are required.
may 11 19:59:35 simplesamlphp ERROR [f4d2723a2b] Backtrace:
may 11 19:59:35 simplesamlphp ERROR [f4d2723a2b] 2 /opt/lampp/htdocs/simplesamlIdp/lib/SimpleSAML/Utils/Auth.php:71 (SimpleSAML\Utils\Auth::requireAdmin)
may 11 19:59:35 simplesamlphp ERROR [f4d2723a2b] 1 /opt/lampp/htdocs/simplesamlIdp/modules/core/www/frontpage_welcome.php:10 (require)
may 11 19:59:35 simplesamlphp ERROR [f4d2723a2b] 0 /opt/lampp/htdocs/simplesamlIdp/www/module.php:135 (N/A)
may 11 19:59:35 simplesamlphp ERROR [f4d2723a2b] Error report with id 7e26d3c3 generated.
may 11 19:59:39 simplesamlphp ERROR [f4d2723a2b] SimpleSAML_Error_Error: UNHANDLEDEXCEPTION
may 11 19:59:39 simplesamlphp ERROR [f4d2723a2b] Backtrace:
may 11 19:59:39 simplesamlphp ERROR [f4d2723a2b] 1 /opt/lampp/htdocs/simplesamlIdp/www/_include.php:45 (SimpleSAML_exception_handler)
may 11 19:59:39 simplesamlphp ERROR [f4d2723a2b] 0 [builtin] (N/A)
may 11 19:59:39 simplesamlphp ERROR [f4d2723a2b] Caused by: SimpleSAML_Error_Exception: Cannot find "admin" auth source, and admin privileges are required.
may 11 19:59:39 simplesamlphp ERROR [f4d2723a2b] Backtrace:
may 11 19:59:39 simplesamlphp ERROR [f4d2723a2b] 2 /opt/lampp/htdocs/simplesamlIdp/lib/SimpleSAML/Utils/Auth.php:71 (SimpleSAML\Utils\Auth::requireAdmin)
may 11 19:59:39 simplesamlphp ERROR [f4d2723a2b] 1 /opt/lampp/htdocs/simplesamlIdp/modules/core/www/frontpage_welcome.php:10 (require)
may 11 19:59:39 simplesamlphp ERROR [f4d2723a2b] 0 /opt/lampp/htdocs/simplesamlIdp/www/module.php:135 (N/A)
may 11 19:59:39 simplesamlphp ERROR [f4d2723a2b] Error report with id 40b3ac4a generated.
May 11 20:02:55 simplesamlphp WARNING [5e2c0affaa] Deprecated use of new SimpleSAML\Locale\Translate::t(...) at /opt/lampp/htdocs/simplesamlIdp/lib/SimpleSAML/XHTML/Template.php:716. The $tag-parameter can only be a string in 2.0.
may 11 20:06:46 simplesamlphp ERROR [11d181179f] SimpleSAML_Error_Error: UNHANDLEDEXCEPTION
may 11 20:06:46 simplesamlphp ERROR [11d181179f] Backtrace:
may 11 20:06:46 simplesamlphp ERROR [11d181179f] 1 /opt/lampp/htdocs/simplesamlIdp/www/_include.php:45 (SimpleSAML_exception_handler)
may 11 20:06:46 simplesamlphp ERROR [11d181179f] 0 [builtin] (N/A)
may 11 20:06:46 simplesamlphp ERROR [11d181179f] Caused by: SimpleSAML_Error_Exception: Cannot find "admin" auth source, and admin privileges are required.
may 11 20:06:46 simplesamlphp ERROR [11d181179f] Backtrace:
may 11 20:06:46 simplesamlphp ERROR [11d181179f] 2 /opt/lampp/htdocs/simplesamlIdp/lib/SimpleSAML/Utils/Auth.php:71 (SimpleSAML\Utils\Auth::requireAdmin)
may 11 20:06:46 simplesamlphp ERROR [11d181179f] 1 /opt/lampp/htdocs/simplesamlIdp/modules/core/www/frontpage_welcome.php:10 (require)
may 11 20:06:46 simplesamlphp ERROR [11d181179f] 0 /opt/lampp/htdocs/simplesamlIdp/www/module.php:135 (N/A)
may 11 20:06:46 simplesamlphp ERROR [11d181179f] Error report with id 14767f10 generated.
may 11 20:13:48 simplesamlphp NOTICE STAT [11d181179f] User 'student' successfully authenticated from 127.0.0.1
may 11 20:13:48 simplesamlphp NOTICE STAT [11d181179f] saml20-idp-SSO-first http://simplesaml.local/ http://idp.simplesaml.local/ NA
may 11 20:13:48 simplesamlphp NOTICE STAT [11d181179f] saml20-idp-SSO http://simplesaml.local/ http://idp.simplesaml.local/ NA
may 11 20:13:54 simplesamlphp NOTICE STAT [11d181179f] saml20-idp-SSO http://simplesaml.local/ http://idp.simplesaml.local/ NA
may 11 20:14:58 simplesamlphp ERROR [11d181179f] SimpleSAML_Error_Error: UNHANDLEDEXCEPTION
may 11 20:14:58 simplesamlphp ERROR [11d181179f] Backtrace:
may 11 20:14:58 simplesamlphp ERROR [11d181179f] 1 /opt/lampp/htdocs/simplesamlIdp/www/_include.php:45 (SimpleSAML_exception_handler)
may 11 20:14:58 simplesamlphp ERROR [11d181179f] 0 [builtin] (N/A)
may 11 20:14:58 simplesamlphp ERROR [11d181179f] Caused by: SimpleSAML_Error_Exception: Cannot find "admin" auth source, and admin privileges are required.
may 11 20:14:58 simplesamlphp ERROR [11d181179f] Backtrace:
may 11 20:14:58 simplesamlphp ERROR [11d181179f] 2 /opt/lampp/htdocs/simplesamlIdp/lib/SimpleSAML/Utils/Auth.php:71 (SimpleSAML\Utils\Auth::requireAdmin)
may 11 20:14:58 simplesamlphp ERROR [11d181179f] 1 /opt/lampp/htdocs/simplesamlIdp/modules/core/www/frontpage_welcome.php:10 (require)
may 11 20:14:58 simplesamlphp ERROR [11d181179f] 0 /opt/lampp/htdocs/simplesamlIdp/www/module.php:135 (N/A)
may 11 20:14:58 simplesamlphp ERROR [11d181179f] Error report with id e514bc40 generated.
may 11 20:15:00 simplesamlphp ERROR [11d181179f] SimpleSAML_Error_Error: UNHANDLEDEXCEPTION
may 11 20:15:00 simplesamlphp ERROR [11d181179f] Backtrace:
may 11 20:15:00 simplesamlphp ERROR [11d181179f] 1 /opt/lampp/htdocs/simplesamlIdp/www/_include.php:45 (SimpleSAML_exception_handler)
may 11 20:15:00 simplesamlphp ERROR [11d181179f] 0 [builtin] (N/A)
may 11 20:15:00 simplesamlphp ERROR [11d181179f] Caused by: SimpleSAML_Error_Exception: Cannot find "admin" auth source, and admin privileges are required.
may 11 20:15:00 simplesamlphp ERROR [11d181179f] Backtrace:
may 11 20:15:00 simplesamlphp ERROR [11d181179f] 2 /opt/lampp/htdocs/simplesamlIdp/lib/SimpleSAML/Utils/Auth.php:71 (SimpleSAML\Utils\Auth::requireAdmin)
may 11 20:15:00 simplesamlphp ERROR [11d181179f] 1 /opt/lampp/htdocs/simplesamlIdp/modules/core/www/frontpage_welcome.php:10 (require)
may 11 20:15:00 simplesamlphp ERROR [11d181179f] 0 /opt/lampp/htdocs/simplesamlIdp/www/module.php:135 (N/A)
may 11 20:15:00 simplesamlphp ERROR [11d181179f] Error report with id 251efd13 generated.
may 11 20:19:24 simplesamlphp ERROR [11d181179f] SimpleSAML_Error_Error: UNHANDLEDEXCEPTION
may 11 20:19:24 simplesamlphp ERROR [11d181179f] Backtrace:
may 11 20:19:24 simplesamlphp ERROR [11d181179f] 1 /opt/lampp/htdocs/simplesamlIdp/www/_include.php:45 (SimpleSAML_exception_handler)
may 11 20:19:24 simplesamlphp ERROR [11d181179f] 0 [builtin] (N/A)
may 11 20:19:24 simplesamlphp ERROR [11d181179f] Caused by: SimpleSAML_Error_Exception: Cannot find "admin" auth source, and admin privileges are required.
may 11 20:19:24 simplesamlphp ERROR [11d181179f] Backtrace:
may 11 20:19:24 simplesamlphp ERROR [11d181179f] 2 /opt/lampp/htdocs/simplesamlIdp/lib/SimpleSAML/Utils/Auth.php:71 (SimpleSAML\Utils\Auth::requireAdmin)
may 11 20:19:24 simplesamlphp ERROR [11d181179f] 1 /opt/lampp/htdocs/simplesamlIdp/modules/core/www/frontpage_welcome.php:10 (require)
may 11 20:19:24 simplesamlphp ERROR [11d181179f] 0 /opt/lampp/htdocs/simplesamlIdp/www/module.php:135 (N/A)
may 11 20:19:24 simplesamlphp ERROR [11d181179f] Error report with id 41e89c6c generated.
may 11 20:19:34 simplesamlphp ERROR [11d181179f] SimpleSAML_Error_Error: UNHANDLEDEXCEPTION
may 11 20:19:34 simplesamlphp ERROR [11d181179f] Backtrace:
may 11 20:19:34 simplesamlphp ERROR [11d181179f] 1 /opt/lampp/htdocs/simplesamlIdp/www/_include.php:45 (SimpleSAML_exception_handler)
may 11 20:19:34 simplesamlphp ERROR [11d181179f] 0 [builtin] (N/A)
may 11 20:19:34 simplesamlphp ERROR [11d181179f] Caused by: SimpleSAML_Error_Exception: Cannot find "admin" auth source, and admin privileges are required.
may 11 20:19:34 simplesamlphp ERROR [11d181179f] Backtrace:
may 11 20:19:34 simplesamlphp ERROR [11d181179f] 2 /opt/lampp/htdocs/simplesamlIdp/lib/SimpleSAML/Utils/Auth.php:71 (SimpleSAML\Utils\Auth::requireAdmin)
may 11 20:19:34 simplesamlphp ERROR [11d181179f] 1 /opt/lampp/htdocs/simplesamlIdp/modules/core/www/frontpage_welcome.php:10 (require)
may 11 20:19:34 simplesamlphp ERROR [11d181179f] 0 /opt/lampp/htdocs/simplesamlIdp/www/module.php:135 (N/A)
may 11 20:19:34 simplesamlphp ERROR [11d181179f] Error report with id ccc28c3e generated.
may 11 20:19:34 simplesamlphp ERROR [11d181179f] SimpleSAML_Error_Error: UNHANDLEDEXCEPTION
may 11 20:19:34 simplesamlphp ERROR [11d181179f] Backtrace:
may 11 20:19:34 simplesamlphp ERROR [11d181179f] 1 /opt/lampp/htdocs/simplesamlIdp/www/_include.php:45 (SimpleSAML_exception_handler)
may 11 20:19:34 simplesamlphp ERROR [11d181179f] 0 [builtin] (N/A)
may 11 20:19:34 simplesamlphp ERROR [11d181179f] Caused by: SimpleSAML_Error_Exception: Cannot find "admin" auth source, and admin privileges are required.
may 11 20:19:34 simplesamlphp ERROR [11d181179f] Backtrace:
may 11 20:19:34 simplesamlphp ERROR [11d181179f] 2 /opt/lampp/htdocs/simplesamlIdp/lib/SimpleSAML/Utils/Auth.php:71 (SimpleSAML\Utils\Auth::requireAdmin)
may 11 20:19:34 simplesamlphp ERROR [11d181179f] 1 /opt/lampp/htdocs/simplesamlIdp/modules/core/www/frontpage_welcome.php:10 (require)
may 11 20:19:34 simplesamlphp ERROR [11d181179f] 0 /opt/lampp/htdocs/simplesamlIdp/www/module.php:135 (N/A)
may 11 20:19:34 simplesamlphp ERROR [11d181179f] Error report with id b8943c8c generated.
may 11 20:19:35 simplesamlphp ERROR [11d181179f] SimpleSAML_Error_Error: UNHANDLEDEXCEPTION
may 11 20:19:35 simplesamlphp ERROR [11d181179f] Backtrace:
may 11 20:19:35 simplesamlphp ERROR [11d181179f] 1 /opt/lampp/htdocs/simplesamlIdp/www/_include.php:45 (SimpleSAML_exception_handler)
may 11 20:19:35 simplesamlphp ERROR [11d181179f] 0 [builtin] (N/A)
may 11 20:19:35 simplesamlphp ERROR [11d181179f] Caused by: SimpleSAML_Error_Exception: Cannot find "admin" auth source, and admin privileges are required.
may 11 20:19:35 simplesamlphp ERROR [11d181179f] Backtrace:
may 11 20:19:35 simplesamlphp ERROR [11d181179f] 2 /opt/lampp/htdocs/simplesamlIdp/lib/SimpleSAML/Utils/Auth.php:71 (SimpleSAML\Utils\Auth::requireAdmin)
may 11 20:19:35 simplesamlphp ERROR [11d181179f] 1 /opt/lampp/htdocs/simplesamlIdp/modules/core/www/frontpage_welcome.php:10 (require)
may 11 20:19:35 simplesamlphp ERROR [11d181179f] 0 /opt/lampp/htdocs/simplesamlIdp/www/module.php:135 (N/A)
may 11 20:19:35 simplesamlphp ERROR [11d181179f] Error report with id 2f6d2164 generated.
may 11 20:19:58 simplesamlphp ERROR [11d181179f] SimpleSAML_Error_Error: UNHANDLEDEXCEPTION
may 11 20:19:58 simplesamlphp ERROR [11d181179f] Backtrace:
may 11 20:19:58 simplesamlphp ERROR [11d181179f] 1 /opt/lampp/htdocs/simplesamlIdp/www/_include.php:45 (SimpleSAML_exception_handler)
may 11 20:19:58 simplesamlphp ERROR [11d181179f] 0 [builtin] (N/A)
may 11 20:19:58 simplesamlphp ERROR [11d181179f] Caused by: SimpleSAML_Error_Exception: Cannot find "admin" auth source, and admin privileges are required.
may 11 20:19:58 simplesamlphp ERROR [11d181179f] Backtrace:
may 11 20:19:58 simplesamlphp ERROR [11d181179f] 2 /opt/lampp/htdocs/simplesamlIdp/lib/SimpleSAML/Utils/Auth.php:71 (SimpleSAML\Utils\Auth::requireAdmin)
may 11 20:19:58 simplesamlphp ERROR [11d181179f] 1 /opt/lampp/htdocs/simplesamlIdp/modules/core/www/frontpage_welcome.php:10 (require)
may 11 20:19:58 simplesamlphp ERROR [11d181179f] 0 /opt/lampp/htdocs/simplesamlIdp/www/module.php:135 (N/A)
may 11 20:19:58 simplesamlphp ERROR [11d181179f] Error report with id 9430858c generated.
may 11 20:20:34 simplesamlphp ERROR [11d181179f] SimpleSAML_Error_Error: UNHANDLEDEXCEPTION
may 11 20:20:34 simplesamlphp ERROR [11d181179f] Backtrace:
may 11 20:20:34 simplesamlphp ERROR [11d181179f] 1 /opt/lampp/htdocs/simplesamlIdp/www/_include.php:45 (SimpleSAML_exception_handler)
may 11 20:20:34 simplesamlphp ERROR [11d181179f] 0 [builtin] (N/A)
may 11 20:20:34 simplesamlphp ERROR [11d181179f] Caused by: SimpleSAML_Error_Exception: Cannot find "admin" auth source, and admin privileges are required.
may 11 20:20:34 simplesamlphp ERROR [11d181179f] Backtrace:
may 11 20:20:34 simplesamlphp ERROR [11d181179f] 2 /opt/lampp/htdocs/simplesamlIdp/lib/SimpleSAML/Utils/Auth.php:71 (SimpleSAML\Utils\Auth::requireAdmin)
may 11 20:20:34 simplesamlphp ERROR [11d181179f] 1 /opt/lampp/htdocs/simplesamlIdp/modules/core/www/frontpage_welcome.php:10 (require)
may 11 20:20:34 simplesamlphp ERROR [11d181179f] 0 /opt/lampp/htdocs/simplesamlIdp/www/module.php:135 (N/A)
may 11 20:20:34 simplesamlphp ERROR [11d181179f] Error report with id 55998a34 generated.
may 11 20:24:39 simplesamlphp ERROR [11d181179f] SimpleSAML_Error_Error: UNHANDLEDEXCEPTION
may 11 20:24:39 simplesamlphp ERROR [11d181179f] Backtrace:
may 11 20:24:39 simplesamlphp ERROR [11d181179f] 1 /opt/lampp/htdocs/simplesamlIdp/www/_include.php:45 (SimpleSAML_exception_handler)
may 11 20:24:39 simplesamlphp ERROR [11d181179f] 0 [builtin] (N/A)
may 11 20:24:39 simplesamlphp ERROR [11d181179f] Caused by: SimpleSAML_Error_Exception: Cannot find "admin" auth source, and admin privileges are required.
may 11 20:24:39 simplesamlphp ERROR [11d181179f] Backtrace:
may 11 20:24:39 simplesamlphp ERROR [11d181179f] 2 /opt/lampp/htdocs/simplesamlIdp/lib/SimpleSAML/Utils/Auth.php:71 (SimpleSAML\Utils\Auth::requireAdmin)
may 11 20:24:39 simplesamlphp ERROR [11d181179f] 1 /opt/lampp/htdocs/simplesamlIdp/modules/core/www/frontpage_welcome.php:10 (require)
may 11 20:24:39 simplesamlphp ERROR [11d181179f] 0 /opt/lampp/htdocs/simplesamlIdp/www/module.php:135 (N/A)
may 11 20:24:39 simplesamlphp ERROR [11d181179f] Error report with id 9f7cb709 generated.
may 11 20:24:41 simplesamlphp ERROR [11d181179f] SimpleSAML_Error_Error: UNHANDLEDEXCEPTION
may 11 20:24:41 simplesamlphp ERROR [11d181179f] Backtrace:
may 11 20:24:41 simplesamlphp ERROR [11d181179f] 1 /opt/lampp/htdocs/simplesamlIdp/www/_include.php:45 (SimpleSAML_exception_handler)
may 11 20:24:41 simplesamlphp ERROR [11d181179f] 0 [builtin] (N/A)
may 11 20:24:41 simplesamlphp ERROR [11d181179f] Caused by: SimpleSAML_Error_Exception: Cannot find "admin" auth source, and admin privileges are required.
may 11 20:24:41 simplesamlphp ERROR [11d181179f] Backtrace:
may 11 20:24:41 simplesamlphp ERROR [11d181179f] 2 /opt/lampp/htdocs/simplesamlIdp/lib/SimpleSAML/Utils/Auth.php:71 (SimpleSAML\Utils\Auth::requireAdmin)
may 11 20:24:41 simplesamlphp ERROR [11d181179f] 1 /opt/lampp/htdocs/simplesamlIdp/modules/core/www/frontpage_welcome.php:10 (require)
may 11 20:24:41 simplesamlphp ERROR [11d181179f] 0 /opt/lampp/htdocs/simplesamlIdp/www/module.php:135 (N/A)
may 11 20:24:41 simplesamlphp ERROR [11d181179f] Error report with id 369b1e89 generated.
may 11 20:24:41 simplesamlphp ERROR [11d181179f] SimpleSAML_Error_Error: UNHANDLEDEXCEPTION
may 11 20:24:41 simplesamlphp ERROR [11d181179f] Backtrace:
may 11 20:24:41 simplesamlphp ERROR [11d181179f] 1 /opt/lampp/htdocs/simplesamlIdp/www/_include.php:45 (SimpleSAML_exception_handler)
may 11 20:24:41 simplesamlphp ERROR [11d181179f] 0 [builtin] (N/A)
may 11 20:24:41 simplesamlphp ERROR [11d181179f] Caused by: SimpleSAML_Error_Exception: Cannot find "admin" auth source, and admin privileges are required.
may 11 20:24:41 simplesamlphp ERROR [11d181179f] Backtrace:
may 11 20:24:41 simplesamlphp ERROR [11d181179f] 2 /opt/lampp/htdocs/simplesamlIdp/lib/SimpleSAML/Utils/Auth.php:71 (SimpleSAML\Utils\Auth::requireAdmin)
may 11 20:24:41 simplesamlphp ERROR [11d181179f] 1 /opt/lampp/htdocs/simplesamlIdp/modules/core/www/frontpage_welcome.php:10 (require)
may 11 20:24:41 simplesamlphp ERROR [11d181179f] 0 /opt/lampp/htdocs/simplesamlIdp/www/module.php:135 (N/A)
may 11 20:24:41 simplesamlphp ERROR [11d181179f] Error report with id e4712f28 generated.
may 11 20:24:41 simplesamlphp ERROR [11d181179f] SimpleSAML_Error_Error: UNHANDLEDEXCEPTION
may 11 20:24:41 simplesamlphp ERROR [11d181179f] Backtrace:
may 11 20:24:41 simplesamlphp ERROR [11d181179f] 1 /opt/lampp/htdocs/simplesamlIdp/www/_include.php:45 (SimpleSAML_exception_handler)
may 11 20:24:41 simplesamlphp ERROR [11d181179f] 0 [builtin] (N/A)
may 11 20:24:41 simplesamlphp ERROR [11d181179f] Caused by: SimpleSAML_Error_Exception: Cannot find "admin" auth source, and admin privileges are required.
may 11 20:24:41 simplesamlphp ERROR [11d181179f] Backtrace:
may 11 20:24:41 simplesamlphp ERROR [11d181179f] 2 /opt/lampp/htdocs/simplesamlIdp/lib/SimpleSAML/Utils/Auth.php:71 (SimpleSAML\Utils\Auth::requireAdmin)
may 11 20:24:41 simplesamlphp ERROR [11d181179f] 1 /opt/lampp/htdocs/simplesamlIdp/modules/core/www/frontpage_welcome.php:10 (require)
may 11 20:24:41 simplesamlphp ERROR [11d181179f] 0 /opt/lampp/htdocs/simplesamlIdp/www/module.php:135 (N/A)
may 11 20:24:41 simplesamlphp ERROR [11d181179f] Error report with id 302ee521 generated.
May 11 20:24:41 simplesamlphp ERROR [11d181179f] SimpleSAML_Error_Error: UNHANDLEDEXCEPTION
May 11 20:24:41 simplesamlphp ERROR [11d181179f] Backtrace:
May 11 20:24:41 simplesamlphp ERROR [11d181179f] 1 /opt/lampp/htdocs/simplesamlIdp/www/_include.php:45 (SimpleSAML_exception_handler)
May 11 20:24:41 simplesamlphp ERROR [11d181179f] 0 [builtin] (N/A)
May 11 20:24:41 simplesamlphp ERROR [11d181179f] Caused by: SimpleSAML_Error_Exception: Cannot find "admin" auth source, and admin privileges are required.
May 11 20:24:41 simplesamlphp ERROR [11d181179f] Backtrace:
May 11 20:24:41 simplesamlphp ERROR [11d181179f] 2 /opt/lampp/htdocs/simplesamlIdp/lib/SimpleSAML/Utils/Auth.php:71 (SimpleSAML\Utils\Auth::requireAdmin)
May 11 20:24:41 simplesamlphp ERROR [11d181179f] 1 /opt/lampp/htdocs/simplesamlIdp/modules/core/www/frontpage_welcome.php:10 (require)
May 11 20:24:41 simplesamlphp ERROR [11d181179f] 0 /opt/lampp/htdocs/simplesamlIdp/www/module.php:135 (N/A)
May 11 20:24:41 simplesamlphp ERROR [11d181179f] Error report with id 03124f26 generated.
may 11 20:24:44 simplesamlphp ERROR [11d181179f] SimpleSAML_Error_Error: UNHANDLEDEXCEPTION
may 11 20:24:44 simplesamlphp ERROR [11d181179f] Backtrace:
may 11 20:24:44 simplesamlphp ERROR [11d181179f] 1 /opt/lampp/htdocs/simplesamlIdp/www/_include.php:45 (SimpleSAML_exception_handler)
may 11 20:24:44 simplesamlphp ERROR [11d181179f] 0 [builtin] (N/A)
may 11 20:24:44 simplesamlphp ERROR [11d181179f] Caused by: SimpleSAML_Error_Exception: Cannot find "admin" auth source, and admin privileges are required.
may 11 20:24:44 simplesamlphp ERROR [11d181179f] Backtrace:
may 11 20:24:44 simplesamlphp ERROR [11d181179f] 2 /opt/lampp/htdocs/simplesamlIdp/lib/SimpleSAML/Utils/Auth.php:71 (SimpleSAML\Utils\Auth::requireAdmin)
may 11 20:24:44 simplesamlphp ERROR [11d181179f] 1 /opt/lampp/htdocs/simplesamlIdp/modules/core/www/frontpage_welcome.php:10 (require)
may 11 20:24:44 simplesamlphp ERROR [11d181179f] 0 /opt/lampp/htdocs/simplesamlIdp/www/module.php:135 (N/A)
may 11 20:24:44 simplesamlphp ERROR [11d181179f] Error report with id d4e09637 generated.
may 11 20:24:46 simplesamlphp ERROR [11d181179f] SimpleSAML_Error_Error: UNHANDLEDEXCEPTION
may 11 20:24:46 simplesamlphp ERROR [11d181179f] Backtrace:
may 11 20:24:46 simplesamlphp ERROR [11d181179f] 1 /opt/lampp/htdocs/simplesamlIdp/www/_include.php:45 (SimpleSAML_exception_handler)
may 11 20:24:46 simplesamlphp ERROR [11d181179f] 0 [builtin] (N/A)
may 11 20:24:46 simplesamlphp ERROR [11d181179f] Caused by: SimpleSAML_Error_Exception: Cannot find "admin" auth source, and admin privileges are required.
may 11 20:24:46 simplesamlphp ERROR [11d181179f] Backtrace:
may 11 20:24:46 simplesamlphp ERROR [11d181179f] 2 /opt/lampp/htdocs/simplesamlIdp/lib/SimpleSAML/Utils/Auth.php:71 (SimpleSAML\Utils\Auth::requireAdmin)
may 11 20:24:46 simplesamlphp ERROR [11d181179f] 1 /opt/lampp/htdocs/simplesamlIdp/modules/core/www/frontpage_welcome.php:10 (require)
may 11 20:24:46 simplesamlphp ERROR [11d181179f] 0 /opt/lampp/htdocs/simplesamlIdp/www/module.php:135 (N/A)
may 11 20:24:46 simplesamlphp ERROR [11d181179f] Error report with id 35c9ee94 generated.
may 11 20:24:46 simplesamlphp ERROR [11d181179f] SimpleSAML_Error_Error: UNHANDLEDEXCEPTION
may 11 20:24:46 simplesamlphp ERROR [11d181179f] Backtrace:
may 11 20:24:46 simplesamlphp ERROR [11d181179f] 1 /opt/lampp/htdocs/simplesamlIdp/www/_include.php:45 (SimpleSAML_exception_handler)
may 11 20:24:46 simplesamlphp ERROR [11d181179f] 0 [builtin] (N/A)
may 11 20:24:46 simplesamlphp ERROR [11d181179f] Caused by: SimpleSAML_Error_Exception: Cannot find "admin" auth source, and admin privileges are required.
may 11 20:24:46 simplesamlphp ERROR [11d181179f] Backtrace:
may 11 20:24:46 simplesamlphp ERROR [11d181179f] 2 /opt/lampp/htdocs/simplesamlIdp/lib/SimpleSAML/Utils/Auth.php:71 (SimpleSAML\Utils\Auth::requireAdmin)
may 11 20:24:46 simplesamlphp ERROR [11d181179f] 1 /opt/lampp/htdocs/simplesamlIdp/modules/core/www/frontpage_welcome.php:10 (require)
may 11 20:24:46 simplesamlphp ERROR [11d181179f] 0 /opt/lampp/htdocs/simplesamlIdp/www/module.php:135 (N/A)
may 11 20:24:46 simplesamlphp ERROR [11d181179f] Error report with id 9643bc15 generated.
may 11 20:24:47 simplesamlphp ERROR [11d181179f] SimpleSAML_Error_Error: UNHANDLEDEXCEPTION
may 11 20:24:47 simplesamlphp ERROR [11d181179f] Backtrace:
may 11 20:24:47 simplesamlphp ERROR [11d181179f] 1 /opt/lampp/htdocs/simplesamlIdp/www/_include.php:45 (SimpleSAML_exception_handler)
may 11 20:24:47 simplesamlphp ERROR [11d181179f] 0 [builtin] (N/A)
may 11 20:24:47 simplesamlphp ERROR [11d181179f] Caused by: SimpleSAML_Error_Exception: Cannot find "admin" auth source, and admin privileges are required.
may 11 20:24:47 simplesamlphp ERROR [11d181179f] Backtrace:
may 11 20:24:47 simplesamlphp ERROR [11d181179f] 2 /opt/lampp/htdocs/simplesamlIdp/lib/SimpleSAML/Utils/Auth.php:71 (SimpleSAML\Utils\Auth::requireAdmin)
may 11 20:24:47 simplesamlphp ERROR [11d181179f] 1 /opt/lampp/htdocs/simplesamlIdp/modules/core/www/frontpage_welcome.php:10 (require)
may 11 20:24:47 simplesamlphp ERROR [11d181179f] 0 /opt/lampp/htdocs/simplesamlIdp/www/module.php:135 (N/A)
may 11 20:24:47 simplesamlphp ERROR [11d181179f] Error report with id eb2845e4 generated.
may 11 20:24:47 simplesamlphp ERROR [11d181179f] SimpleSAML_Error_Error: UNHANDLEDEXCEPTION
may 11 20:24:47 simplesamlphp ERROR [11d181179f] Backtrace:
may 11 20:24:47 simplesamlphp ERROR [11d181179f] 1 /opt/lampp/htdocs/simplesamlIdp/www/_include.php:45 (SimpleSAML_exception_handler)
may 11 20:24:47 simplesamlphp ERROR [11d181179f] 0 [builtin] (N/A)
may 11 20:24:47 simplesamlphp ERROR [11d181179f] Caused by: SimpleSAML_Error_Exception: Cannot find "admin" auth source, and admin privileges are required.
may 11 20:24:47 simplesamlphp ERROR [11d181179f] Backtrace:
may 11 20:24:47 simplesamlphp ERROR [11d181179f] 2 /opt/lampp/htdocs/simplesamlIdp/lib/SimpleSAML/Utils/Auth.php:71 (SimpleSAML\Utils\Auth::requireAdmin)
may 11 20:24:47 simplesamlphp ERROR [11d181179f] 1 /opt/lampp/htdocs/simplesamlIdp/modules/core/www/frontpage_welcome.php:10 (require)
may 11 20:24:47 simplesamlphp ERROR [11d181179f] 0 /opt/lampp/htdocs/simplesamlIdp/www/module.php:135 (N/A)
may 11 20:24:47 simplesamlphp ERROR [11d181179f] Error report with id 5cc855d7 generated.
may 11 20:26:27 simplesamlphp ERROR [f4d2723a2b] SimpleSAML_Error_Error: UNHANDLEDEXCEPTION
may 11 20:26:27 simplesamlphp ERROR [f4d2723a2b] Backtrace:
may 11 20:26:27 simplesamlphp ERROR [f4d2723a2b] 1 /opt/lampp/htdocs/simplesamlIdp/www/_include.php:45 (SimpleSAML_exception_handler)
may 11 20:26:27 simplesamlphp ERROR [f4d2723a2b] 0 [builtin] (N/A)
may 11 20:26:27 simplesamlphp ERROR [f4d2723a2b] Caused by: SimpleSAML_Error_Exception: Cannot find "admin" auth source, and admin privileges are required.
may 11 20:26:27 simplesamlphp ERROR [f4d2723a2b] Backtrace:
may 11 20:26:27 simplesamlphp ERROR [f4d2723a2b] 2 /opt/lampp/htdocs/simplesamlIdp/lib/SimpleSAML/Utils/Auth.php:71 (SimpleSAML\Utils\Auth::requireAdmin)
may 11 20:26:27 simplesamlphp ERROR [f4d2723a2b] 1 /opt/lampp/htdocs/simplesamlIdp/modules/core/www/frontpage_welcome.php:10 (require)
may 11 20:26:27 simplesamlphp ERROR [f4d2723a2b] 0 /opt/lampp/htdocs/simplesamlIdp/www/module.php:135 (N/A)
may 11 20:26:27 simplesamlphp ERROR [f4d2723a2b] Error report with id b6727c87 generated.
may 11 20:26:28 simplesamlphp ERROR [f4d2723a2b] SimpleSAML_Error_Error: UNHANDLEDEXCEPTION
may 11 20:26:28 simplesamlphp ERROR [f4d2723a2b] Backtrace:
may 11 20:26:28 simplesamlphp ERROR [f4d2723a2b] 1 /opt/lampp/htdocs/simplesamlIdp/www/_include.php:45 (SimpleSAML_exception_handler)
may 11 20:26:28 simplesamlphp ERROR [f4d2723a2b] 0 [builtin] (N/A)
may 11 20:26:28 simplesamlphp ERROR [f4d2723a2b] Caused by: SimpleSAML_Error_Exception: Cannot find "admin" auth source, and admin privileges are required.
may 11 20:26:28 simplesamlphp ERROR [f4d2723a2b] Backtrace:
may 11 20:26:28 simplesamlphp ERROR [f4d2723a2b] 2 /opt/lampp/htdocs/simplesamlIdp/lib/SimpleSAML/Utils/Auth.php:71 (SimpleSAML\Utils\Auth::requireAdmin)
may 11 20:26:28 simplesamlphp ERROR [f4d2723a2b] 1 /opt/lampp/htdocs/simplesamlIdp/modules/core/www/frontpage_welcome.php:10 (require)
may 11 20:26:28 simplesamlphp ERROR [f4d2723a2b] 0 /opt/lampp/htdocs/simplesamlIdp/www/module.php:135 (N/A)
may 11 20:26:28 simplesamlphp ERROR [f4d2723a2b] Error report with id d63ba629 generated.
may 11 20:26:48 simplesamlphp ERROR [f4d2723a2b] SimpleSAML_Error_Error: UNHANDLEDEXCEPTION
may 11 20:26:48 simplesamlphp ERROR [f4d2723a2b] Backtrace:
may 11 20:26:48 simplesamlphp ERROR [f4d2723a2b] 1 /opt/lampp/htdocs/simplesamlIdp/www/_include.php:45 (SimpleSAML_exception_handler)
may 11 20:26:48 simplesamlphp ERROR [f4d2723a2b] 0 [builtin] (N/A)
may 11 20:26:48 simplesamlphp ERROR [f4d2723a2b] Caused by: SimpleSAML_Error_Exception: Cannot find "admin" auth source, and admin privileges are required.
may 11 20:26:48 simplesamlphp ERROR [f4d2723a2b] Backtrace:
may 11 20:26:48 simplesamlphp ERROR [f4d2723a2b] 2 /opt/lampp/htdocs/simplesamlIdp/lib/SimpleSAML/Utils/Auth.php:71 (SimpleSAML\Utils\Auth::requireAdmin)
may 11 20:26:48 simplesamlphp ERROR [f4d2723a2b] 1 /opt/lampp/htdocs/simplesamlIdp/modules/core/www/frontpage_welcome.php:10 (require)
may 11 20:26:48 simplesamlphp ERROR [f4d2723a2b] 0 /opt/lampp/htdocs/simplesamlIdp/www/module.php:135 (N/A)
may 11 20:26:48 simplesamlphp ERROR [f4d2723a2b] Error report with id bbebd5e2 generated.
may 11 20:26:59 simplesamlphp ERROR [11d181179f] SimpleSAML_Error_Error: UNHANDLEDEXCEPTION
may 11 20:26:59 simplesamlphp ERROR [11d181179f] Backtrace:
may 11 20:26:59 simplesamlphp ERROR [11d181179f] 1 /opt/lampp/htdocs/simplesamlIdp/www/_include.php:45 (SimpleSAML_exception_handler)
may 11 20:26:59 simplesamlphp ERROR [11d181179f] 0 [builtin] (N/A)
may 11 20:26:59 simplesamlphp ERROR [11d181179f] Caused by: SimpleSAML_Error_Exception: Cannot find "admin" auth source, and admin privileges are required.
may 11 20:26:59 simplesamlphp ERROR [11d181179f] Backtrace:
may 11 20:26:59 simplesamlphp ERROR [11d181179f] 2 /opt/lampp/htdocs/simplesamlIdp/lib/SimpleSAML/Utils/Auth.php:71 (SimpleSAML\Utils\Auth::requireAdmin)
may 11 20:26:59 simplesamlphp ERROR [11d181179f] 1 /opt/lampp/htdocs/simplesamlIdp/modules/core/www/frontpage_welcome.php:10 (require)
may 11 20:26:59 simplesamlphp ERROR [11d181179f] 0 /opt/lampp/htdocs/simplesamlIdp/www/module.php:135 (N/A)
may 11 20:26:59 simplesamlphp ERROR [11d181179f] Error report with id 24018144 generated.
may 11 20:29:24 simplesamlphp ERROR [11d181179f] SimpleSAML_Error_Error: UNHANDLEDEXCEPTION
may 11 20:29:24 simplesamlphp ERROR [11d181179f] Backtrace:
may 11 20:29:24 simplesamlphp ERROR [11d181179f] 1 /opt/lampp/htdocs/simplesamlIdp/www/_include.php:45 (SimpleSAML_exception_handler)
may 11 20:29:24 simplesamlphp ERROR [11d181179f] 0 [builtin] (N/A)
may 11 20:29:24 simplesamlphp ERROR [11d181179f] Caused by: SimpleSAML_Error_Exception: Cannot find "admin" auth source, and admin privileges are required.
may 11 20:29:24 simplesamlphp ERROR [11d181179f] Backtrace:
may 11 20:29:24 simplesamlphp ERROR [11d181179f] 2 /opt/lampp/htdocs/simplesamlIdp/lib/SimpleSAML/Utils/Auth.php:71 (SimpleSAML\Utils\Auth::requireAdmin)
may 11 20:29:24 simplesamlphp ERROR [11d181179f] 1 /opt/lampp/htdocs/simplesamlIdp/modules/core/www/frontpage_welcome.php:10 (require)
may 11 20:29:24 simplesamlphp ERROR [11d181179f] 0 /opt/lampp/htdocs/simplesamlIdp/www/module.php:135 (N/A)
may 11 20:29:24 simplesamlphp ERROR [11d181179f] Error report with id 1ef1c6ad generated.
may 11 20:29:26 simplesamlphp ERROR [11d181179f] SimpleSAML_Error_Error: UNHANDLEDEXCEPTION
may 11 20:29:26 simplesamlphp ERROR [11d181179f] Backtrace:
may 11 20:29:26 simplesamlphp ERROR [11d181179f] 1 /opt/lampp/htdocs/simplesamlIdp/www/_include.php:45 (SimpleSAML_exception_handler)
may 11 20:29:26 simplesamlphp ERROR [11d181179f] 0 [builtin] (N/A)
may 11 20:29:26 simplesamlphp ERROR [11d181179f] Caused by: SimpleSAML_Error_Exception: Cannot find "admin" auth source, and admin privileges are required.
may 11 20:29:26 simplesamlphp ERROR [11d181179f] Backtrace:
may 11 20:29:26 simplesamlphp ERROR [11d181179f] 2 /opt/lampp/htdocs/simplesamlIdp/lib/SimpleSAML/Utils/Auth.php:71 (SimpleSAML\Utils\Auth::requireAdmin)
may 11 20:29:26 simplesamlphp ERROR [11d181179f] 1 /opt/lampp/htdocs/simplesamlIdp/modules/core/www/frontpage_welcome.php:10 (require)
may 11 20:29:26 simplesamlphp ERROR [11d181179f] 0 /opt/lampp/htdocs/simplesamlIdp/www/module.php:135 (N/A)
may 11 20:29:26 simplesamlphp ERROR [11d181179f] Error report with id ad159a6e generated.
may 11 20:29:26 simplesamlphp ERROR [11d181179f] SimpleSAML_Error_Error: UNHANDLEDEXCEPTION
may 11 20:29:26 simplesamlphp ERROR [11d181179f] Backtrace:
may 11 20:29:26 simplesamlphp ERROR [11d181179f] 1 /opt/lampp/htdocs/simplesamlIdp/www/_include.php:45 (SimpleSAML_exception_handler)
may 11 20:29:26 simplesamlphp ERROR [11d181179f] 0 [builtin] (N/A)
may 11 20:29:26 simplesamlphp ERROR [11d181179f] Caused by: SimpleSAML_Error_Exception: Cannot find "admin" auth source, and admin privileges are required.
may 11 20:29:26 simplesamlphp ERROR [11d181179f] Backtrace:
may 11 20:29:26 simplesamlphp ERROR [11d181179f] 2 /opt/lampp/htdocs/simplesamlIdp/lib/SimpleSAML/Utils/Auth.php:71 (SimpleSAML\Utils\Auth::requireAdmin)
may 11 20:29:26 simplesamlphp ERROR [11d181179f] 1 /opt/lampp/htdocs/simplesamlIdp/modules/core/www/frontpage_welcome.php:10 (require)
may 11 20:29:26 simplesamlphp ERROR [11d181179f] 0 /opt/lampp/htdocs/simplesamlIdp/www/module.php:135 (N/A)
may 11 20:29:26 simplesamlphp ERROR [11d181179f] Error report with id 30e19a1e generated.
may 11 20:29:26 simplesamlphp ERROR [11d181179f] SimpleSAML_Error_Error: UNHANDLEDEXCEPTION
may 11 20:29:26 simplesamlphp ERROR [11d181179f] Backtrace:
may 11 20:29:26 simplesamlphp ERROR [11d181179f] 1 /opt/lampp/htdocs/simplesamlIdp/www/_include.php:45 (SimpleSAML_exception_handler)
may 11 20:29:26 simplesamlphp ERROR [11d181179f] 0 [builtin] (N/A)
may 11 20:29:26 simplesamlphp ERROR [11d181179f] Caused by: SimpleSAML_Error_Exception: Cannot find "admin" auth source, and admin privileges are required.
may 11 20:29:26 simplesamlphp ERROR [11d181179f] Backtrace:
may 11 20:29:26 simplesamlphp ERROR [11d181179f] 2 /opt/lampp/htdocs/simplesamlIdp/lib/SimpleSAML/Utils/Auth.php:71 (SimpleSAML\Utils\Auth::requireAdmin)
may 11 20:29:26 simplesamlphp ERROR [11d181179f] 1 /opt/lampp/htdocs/simplesamlIdp/modules/core/www/frontpage_welcome.php:10 (require)
may 11 20:29:26 simplesamlphp ERROR [11d181179f] 0 /opt/lampp/htdocs/simplesamlIdp/www/module.php:135 (N/A)
may 11 20:29:26 simplesamlphp ERROR [11d181179f] Error report with id a396e586 generated.
may 11 20:29:28 simplesamlphp ERROR [11d181179f] SimpleSAML_Error_Error: UNHANDLEDEXCEPTION
may 11 20:29:28 simplesamlphp ERROR [11d181179f] Backtrace:
may 11 20:29:28 simplesamlphp ERROR [11d181179f] 1 /opt/lampp/htdocs/simplesamlIdp/www/_include.php:45 (SimpleSAML_exception_handler)
may 11 20:29:28 simplesamlphp ERROR [11d181179f] 0 [builtin] (N/A)
may 11 20:29:28 simplesamlphp ERROR [11d181179f] Caused by: SimpleSAML_Error_Exception: Cannot find "admin" auth source, and admin privileges are required.
may 11 20:29:28 simplesamlphp ERROR [11d181179f] Backtrace:
may 11 20:29:28 simplesamlphp ERROR [11d181179f] 2 /opt/lampp/htdocs/simplesamlIdp/lib/SimpleSAML/Utils/Auth.php:71 (SimpleSAML\Utils\Auth::requireAdmin)
may 11 20:29:28 simplesamlphp ERROR [11d181179f] 1 /opt/lampp/htdocs/simplesamlIdp/modules/core/www/frontpage_welcome.php:10 (require)
may 11 20:29:28 simplesamlphp ERROR [11d181179f] 0 /opt/lampp/htdocs/simplesamlIdp/www/module.php:135 (N/A)
may 11 20:29:28 simplesamlphp ERROR [11d181179f] Error report with id 8f397daf generated.
may 11 20:29:28 simplesamlphp ERROR [11d181179f] SimpleSAML_Error_Error: UNHANDLEDEXCEPTION
may 11 20:29:28 simplesamlphp ERROR [11d181179f] Backtrace:
may 11 20:29:28 simplesamlphp ERROR [11d181179f] 1 /opt/lampp/htdocs/simplesamlIdp/www/_include.php:45 (SimpleSAML_exception_handler)
may 11 20:29:28 simplesamlphp ERROR [11d181179f] 0 [builtin] (N/A)
may 11 20:29:28 simplesamlphp ERROR [11d181179f] Caused by: SimpleSAML_Error_Exception: Cannot find "admin" auth source, and admin privileges are required.
may 11 20:29:28 simplesamlphp ERROR [11d181179f] Backtrace:
may 11 20:29:28 simplesamlphp ERROR [11d181179f] 2 /opt/lampp/htdocs/simplesamlIdp/lib/SimpleSAML/Utils/Auth.php:71 (SimpleSAML\Utils\Auth::requireAdmin)
may 11 20:29:28 simplesamlphp ERROR [11d181179f] 1 /opt/lampp/htdocs/simplesamlIdp/modules/core/www/frontpage_welcome.php:10 (require)
may 11 20:29:28 simplesamlphp ERROR [11d181179f] 0 /opt/lampp/htdocs/simplesamlIdp/www/module.php:135 (N/A)
may 11 20:29:28 simplesamlphp ERROR [11d181179f] Error report with id 273fdeed generated.
